State 0:
          main ::= * in
      (1) in ::= *
          in ::= * in NEWLINE
          in ::= * in start NEWLINE
          in ::= * error
          error ::= * OPENQUOTEERROR

                OPENQUOTEERROR shift  52
                         error shift  53
                          main accept
                            in shift  1
                     {default} reduce 1

State 1:
      (0) main ::= in *
          in ::= in * NEWLINE
          in ::= in * start NEWLINE
          start ::= * spec
          spec ::= * top_stmt
          top_stmt ::= * stmt
          stmt ::= * expr
          stmt ::= * assignment
          identifier ::= * NAME
          assignment ::= * identifier ASSIGN expr
          expr ::= * LBRAC maybe_empty_stmt_list RBRAC
          expr ::= * num
          expr ::= * string
          expr ::= * bool
          num ::= * NUM
          string ::= * STRING
          bool ::= * BOOLEAN
          expr ::= * expr PLUS expr
          expr ::= * expr MINUS expr
          expr ::= * expr DIVIDE expr
          expr ::= * expr TIMES expr
          expr ::= * expr MODULO expr
          expr ::= * expr POW expr
          expr ::= * expr EQUALTO expr
          expr ::= * expr NOTEQUALTO expr
          expr ::= * expr LESSTHAN expr
          expr ::= * expr GREATERTHAN expr
          expr ::= * expr LORE expr
          expr ::= * expr GORE expr
          expr ::= * expr AND expr
          expr ::= * expr OR expr
          expr ::= * BITNOT expr
          expr ::= * NOT expr
          expr ::= * expr SHIFTL expr
          expr ::= * expr SHIFTR expr
          expr ::= * expr BITAND expr
          expr ::= * expr BITOR expr
          expr ::= * expr BITXOR expr

                             $ reduce 0
                           NOT shift  4
                        BITNOT shift  5
                         LBRAC shift  2
                       NEWLINE shift  69
                          NAME shift  63
                           NUM shift  59
                        STRING shift  58
                       BOOLEAN shift  57
                          expr shift  27
                         start shift  51
                          spec shift  67
                      top_stmt shift  66
                          stmt shift  65
                    assignment shift  64
                    identifier shift  50
                           num shift  62
                        string shift  61
                          bool shift  60

State 2:
          stmt ::= * expr
          stmt ::= * assignment
          identifier ::= * NAME
          assignment ::= * identifier ASSIGN expr
          stmt_list ::= * stmt
          stmt_list ::= * stmt_list stmt
          expr ::= * LBRAC maybe_empty_stmt_list RBRAC
          expr ::= LBRAC * maybe_empty_stmt_list RBRAC
     (14) maybe_empty_stmt_list ::= *
          maybe_empty_stmt_list ::= * stmt_list
          expr ::= * num
          expr ::= * string
          expr ::= * bool
          num ::= * NUM
          string ::= * STRING
          bool ::= * BOOLEAN
          expr ::= * expr PLUS expr
          expr ::= * expr MINUS expr
          expr ::= * expr DIVIDE expr
          expr ::= * expr TIMES expr
          expr ::= * expr MODULO expr
          expr ::= * expr POW expr
          expr ::= * expr EQUALTO expr
          expr ::= * expr NOTEQUALTO expr
          expr ::= * expr LESSTHAN expr
          expr ::= * expr GREATERTHAN expr
          expr ::= * expr LORE expr
          expr ::= * expr GORE expr
          expr ::= * expr AND expr
          expr ::= * expr OR expr
          expr ::= * BITNOT expr
          expr ::= * NOT expr
          expr ::= * expr SHIFTL expr
          expr ::= * expr SHIFTR expr
          expr ::= * expr BITAND expr
          expr ::= * expr BITOR expr
          expr ::= * expr BITXOR expr

                           NOT shift  4
                        BITNOT shift  5
                         LBRAC shift  2
                          NAME shift  63
                           NUM shift  59
                        STRING shift  58
                       BOOLEAN shift  57
                          expr shift  27
                          stmt shift  56
                    assignment shift  64
                    identifier shift  50
                     stmt_list shift  3
         maybe_empty_stmt_list shift  43
                           num shift  62
                        string shift  61
                          bool shift  60
                     {default} reduce 14

State 3:
          stmt ::= * expr
          stmt ::= * assignment
          identifier ::= * NAME
          assignment ::= * identifier ASSIGN expr
          stmt_list ::= stmt_list * stmt
          expr ::= * LBRAC maybe_empty_stmt_list RBRAC
     (15) maybe_empty_stmt_list ::= stmt_list *
          expr ::= * num
          expr ::= * string
          expr ::= * bool
          num ::= * NUM
          string ::= * STRING
          bool ::= * BOOLEAN
          expr ::= * expr PLUS expr
          expr ::= * expr MINUS expr
          expr ::= * expr DIVIDE expr
          expr ::= * expr TIMES expr
          expr ::= * expr MODULO expr
          expr ::= * expr POW expr
          expr ::= * expr EQUALTO expr
          expr ::= * expr NOTEQUALTO expr
          expr ::= * expr LESSTHAN expr
          expr ::= * expr GREATERTHAN expr
          expr ::= * expr LORE expr
          expr ::= * expr GORE expr
          expr ::= * expr AND expr
          expr ::= * expr OR expr
          expr ::= * BITNOT expr
          expr ::= * NOT expr
          expr ::= * expr SHIFTL expr
          expr ::= * expr SHIFTR expr
          expr ::= * expr BITAND expr
          expr ::= * expr BITOR expr
          expr ::= * expr BITXOR expr

                           NOT shift  4
                        BITNOT shift  5
                         LBRAC shift  2
                          NAME shift  63
                           NUM shift  59
                        STRING shift  58
                       BOOLEAN shift  57
                          expr shift  27
                          stmt shift  55
                    assignment shift  64
                    identifier shift  50
                           num shift  62
                        string shift  61
                          bool shift  60
                     {default} reduce 15

State 4:
          expr ::= * LBRAC maybe_empty_stmt_list RBRAC
          expr ::= * num
          expr ::= * string
          expr ::= * bool
          num ::= * NUM
          string ::= * STRING
          bool ::= * BOOLEAN
          expr ::= * expr PLUS expr
          expr ::= * expr MINUS expr
          expr ::= * expr DIVIDE expr
          expr ::= * expr TIMES expr
          expr ::= * expr MODULO expr
          expr ::= * expr POW expr
          expr ::= * expr EQUALTO expr
          expr ::= * expr NOTEQUALTO expr
          expr ::= * expr LESSTHAN expr
          expr ::= * expr GREATERTHAN expr
          expr ::= * expr LORE expr
          expr ::= * expr GORE expr
          expr ::= * expr AND expr
          expr ::= * expr OR expr
          expr ::= * BITNOT expr
          expr ::= * NOT expr
          expr ::= NOT * expr
          expr ::= * expr SHIFTL expr
          expr ::= * expr SHIFTR expr
          expr ::= * expr BITAND expr
          expr ::= * expr BITOR expr
          expr ::= * expr BITXOR expr

                           NOT shift  4
                        BITNOT shift  5
                         LBRAC shift  2
                           NUM shift  59
                        STRING shift  58
                       BOOLEAN shift  57
                          expr shift  44
                           num shift  62
                        string shift  61
                          bool shift  60

State 5:
          expr ::= * LBRAC maybe_empty_stmt_list RBRAC
          expr ::= * num
          expr ::= * string
          expr ::= * bool
          num ::= * NUM
          string ::= * STRING
          bool ::= * BOOLEAN
          expr ::= * expr PLUS expr
          expr ::= * expr MINUS expr
          expr ::= * expr DIVIDE expr
          expr ::= * expr TIMES expr
          expr ::= * expr MODULO expr
          expr ::= * expr POW expr
          expr ::= * expr EQUALTO expr
          expr ::= * expr NOTEQUALTO expr
          expr ::= * expr LESSTHAN expr
          expr ::= * expr GREATERTHAN expr
          expr ::= * expr LORE expr
          expr ::= * expr GORE expr
          expr ::= * expr AND expr
          expr ::= * expr OR expr
          expr ::= * BITNOT expr
          expr ::= BITNOT * expr
          expr ::= * NOT expr
          expr ::= * expr SHIFTL expr
          expr ::= * expr SHIFTR expr
          expr ::= * expr BITAND expr
          expr ::= * expr BITOR expr
          expr ::= * expr BITXOR expr

                           NOT shift  4
                        BITNOT shift  5
                         LBRAC shift  2
                           NUM shift  59
                        STRING shift  58
                       BOOLEAN shift  57
                          expr shift  45
                           num shift  62
                        string shift  61
                          bool shift  60

State 6:
          expr ::= * LBRAC maybe_empty_stmt_list RBRAC
          expr ::= * num
          expr ::= * string
          expr ::= * bool
          num ::= * NUM
          string ::= * STRING
          bool ::= * BOOLEAN
          expr ::= * expr PLUS expr
          expr ::= * expr MINUS expr
          expr ::= * expr DIVIDE expr
          expr ::= * expr TIMES expr
          expr ::= * expr MODULO expr
          expr ::= * expr POW expr
          expr ::= * expr EQUALTO expr
          expr ::= * expr NOTEQUALTO expr
          expr ::= * expr LESSTHAN expr
          expr ::= * expr GREATERTHAN expr
          expr ::= * expr LORE expr
          expr ::= * expr GORE expr
          expr ::= * expr AND expr
          expr ::= * expr OR expr
          expr ::= * BITNOT expr
          expr ::= * NOT expr
          expr ::= * expr SHIFTL expr
          expr ::= * expr SHIFTR expr
          expr ::= * expr BITAND expr
          expr ::= * expr BITOR expr
          expr ::= * expr BITXOR expr
          expr ::= expr BITXOR * expr

                           NOT shift  4
                        BITNOT shift  5
                         LBRAC shift  2
                           NUM shift  59
                        STRING shift  58
                       BOOLEAN shift  57
                          expr shift  30
                           num shift  62
                        string shift  61
                          bool shift  60

State 7:
          expr ::= * LBRAC maybe_empty_stmt_list RBRAC
          expr ::= * num
          expr ::= * string
          expr ::= * bool
          num ::= * NUM
          string ::= * STRING
          bool ::= * BOOLEAN
          expr ::= * expr PLUS expr
          expr ::= * expr MINUS expr
          expr ::= * expr DIVIDE expr
          expr ::= * expr TIMES expr
          expr ::= * expr MODULO expr
          expr ::= * expr POW expr
          expr ::= * expr EQUALTO expr
          expr ::= * expr NOTEQUALTO expr
          expr ::= * expr LESSTHAN expr
          expr ::= * expr GREATERTHAN expr
          expr ::= * expr LORE expr
          expr ::= * expr GORE expr
          expr ::= * expr AND expr
          expr ::= * expr OR expr
          expr ::= * BITNOT expr
          expr ::= * NOT expr
          expr ::= * expr SHIFTL expr
          expr ::= * expr SHIFTR expr
          expr ::= * expr BITAND expr
          expr ::= * expr BITOR expr
          expr ::= expr BITOR * expr
          expr ::= * expr BITXOR expr

                           NOT shift  4
                        BITNOT shift  5
                         LBRAC shift  2
                           NUM shift  59
                        STRING shift  58
                       BOOLEAN shift  57
                          expr shift  31
                           num shift  62
                        string shift  61
                          bool shift  60

State 8:
          expr ::= * LBRAC maybe_empty_stmt_list RBRAC
          expr ::= * num
          expr ::= * string
          expr ::= * bool
          num ::= * NUM
          string ::= * STRING
          bool ::= * BOOLEAN
          expr ::= * expr PLUS expr
          expr ::= * expr MINUS expr
          expr ::= * expr DIVIDE expr
          expr ::= * expr TIMES expr
          expr ::= * expr MODULO expr
          expr ::= * expr POW expr
          expr ::= * expr EQUALTO expr
          expr ::= * expr NOTEQUALTO expr
          expr ::= * expr LESSTHAN expr
          expr ::= * expr GREATERTHAN expr
          expr ::= * expr LORE expr
          expr ::= * expr GORE expr
          expr ::= * expr AND expr
          expr ::= * expr OR expr
          expr ::= * BITNOT expr
          expr ::= * NOT expr
          expr ::= * expr SHIFTL expr
          expr ::= * expr SHIFTR expr
          expr ::= * expr BITAND expr
          expr ::= expr BITAND * expr
          expr ::= * expr BITOR expr
          expr ::= * expr BITXOR expr

                           NOT shift  4
                        BITNOT shift  5
                         LBRAC shift  2
                           NUM shift  59
                        STRING shift  58
                       BOOLEAN shift  57
                          expr shift  32
                           num shift  62
                        string shift  61
                          bool shift  60

State 9:
          expr ::= * LBRAC maybe_empty_stmt_list RBRAC
          expr ::= * num
          expr ::= * string
          expr ::= * bool
          num ::= * NUM
          string ::= * STRING
          bool ::= * BOOLEAN
          expr ::= * expr PLUS expr
          expr ::= * expr MINUS expr
          expr ::= * expr DIVIDE expr
          expr ::= * expr TIMES expr
          expr ::= * expr MODULO expr
          expr ::= * expr POW expr
          expr ::= * expr EQUALTO expr
          expr ::= * expr NOTEQUALTO expr
          expr ::= * expr LESSTHAN expr
          expr ::= * expr GREATERTHAN expr
          expr ::= * expr LORE expr
          expr ::= * expr GORE expr
          expr ::= * expr AND expr
          expr ::= * expr OR expr
          expr ::= * BITNOT expr
          expr ::= * NOT expr
          expr ::= * expr SHIFTL expr
          expr ::= * expr SHIFTR expr
          expr ::= expr SHIFTR * expr
          expr ::= * expr BITAND expr
          expr ::= * expr BITOR expr
          expr ::= * expr BITXOR expr

                           NOT shift  4
                        BITNOT shift  5
                         LBRAC shift  2
                           NUM shift  59
                        STRING shift  58
                       BOOLEAN shift  57
                          expr shift  39
                           num shift  62
                        string shift  61
                          bool shift  60

State 10:
          expr ::= * LBRAC maybe_empty_stmt_list RBRAC
          expr ::= * num
          expr ::= * string
          expr ::= * bool
          num ::= * NUM
          string ::= * STRING
          bool ::= * BOOLEAN
          expr ::= * expr PLUS expr
          expr ::= * expr MINUS expr
          expr ::= * expr DIVIDE expr
          expr ::= * expr TIMES expr
          expr ::= * expr MODULO expr
          expr ::= * expr POW expr
          expr ::= * expr EQUALTO expr
          expr ::= * expr NOTEQUALTO expr
          expr ::= * expr LESSTHAN expr
          expr ::= * expr GREATERTHAN expr
          expr ::= * expr LORE expr
          expr ::= * expr GORE expr
          expr ::= * expr AND expr
          expr ::= * expr OR expr
          expr ::= * BITNOT expr
          expr ::= * NOT expr
          expr ::= * expr SHIFTL expr
          expr ::= expr SHIFTL * expr
          expr ::= * expr SHIFTR expr
          expr ::= * expr BITAND expr
          expr ::= * expr BITOR expr
          expr ::= * expr BITXOR expr

                           NOT shift  4
                        BITNOT shift  5
                         LBRAC shift  2
                           NUM shift  59
                        STRING shift  58
                       BOOLEAN shift  57
                          expr shift  40
                           num shift  62
                        string shift  61
                          bool shift  60

State 11:
          expr ::= * LBRAC maybe_empty_stmt_list RBRAC
          expr ::= * num
          expr ::= * string
          expr ::= * bool
          num ::= * NUM
          string ::= * STRING
          bool ::= * BOOLEAN
          expr ::= * expr PLUS expr
          expr ::= * expr MINUS expr
          expr ::= * expr DIVIDE expr
          expr ::= * expr TIMES expr
          expr ::= * expr MODULO expr
          expr ::= * expr POW expr
          expr ::= * expr EQUALTO expr
          expr ::= * expr NOTEQUALTO expr
          expr ::= * expr LESSTHAN expr
          expr ::= * expr GREATERTHAN expr
          expr ::= * expr LORE expr
          expr ::= * expr GORE expr
          expr ::= * expr AND expr
          expr ::= * expr OR expr
          expr ::= expr OR * expr
          expr ::= * BITNOT expr
          expr ::= * NOT expr
          expr ::= * expr SHIFTL expr
          expr ::= * expr SHIFTR expr
          expr ::= * expr BITAND expr
          expr ::= * expr BITOR expr
          expr ::= * expr BITXOR expr

                           NOT shift  4
                        BITNOT shift  5
                         LBRAC shift  2
                           NUM shift  59
                        STRING shift  58
                       BOOLEAN shift  57
                          expr shift  28
                           num shift  62
                        string shift  61
                          bool shift  60

State 12:
          expr ::= * LBRAC maybe_empty_stmt_list RBRAC
          expr ::= * num
          expr ::= * string
          expr ::= * bool
          num ::= * NUM
          string ::= * STRING
          bool ::= * BOOLEAN
          expr ::= * expr PLUS expr
          expr ::= * expr MINUS expr
          expr ::= * expr DIVIDE expr
          expr ::= * expr TIMES expr
          expr ::= * expr MODULO expr
          expr ::= * expr POW expr
          expr ::= * expr EQUALTO expr
          expr ::= * expr NOTEQUALTO expr
          expr ::= * expr LESSTHAN expr
          expr ::= * expr GREATERTHAN expr
          expr ::= * expr LORE expr
          expr ::= * expr GORE expr
          expr ::= * expr AND expr
          expr ::= expr AND * expr
          expr ::= * expr OR expr
          expr ::= * BITNOT expr
          expr ::= * NOT expr
          expr ::= * expr SHIFTL expr
          expr ::= * expr SHIFTR expr
          expr ::= * expr BITAND expr
          expr ::= * expr BITOR expr
          expr ::= * expr BITXOR expr

                           NOT shift  4
                        BITNOT shift  5
                         LBRAC shift  2
                           NUM shift  59
                        STRING shift  58
                       BOOLEAN shift  57
                          expr shift  29
                           num shift  62
                        string shift  61
                          bool shift  60

State 13:
          expr ::= * LBRAC maybe_empty_stmt_list RBRAC
          expr ::= * num
          expr ::= * string
          expr ::= * bool
          num ::= * NUM
          string ::= * STRING
          bool ::= * BOOLEAN
          expr ::= * expr PLUS expr
          expr ::= * expr MINUS expr
          expr ::= * expr DIVIDE expr
          expr ::= * expr TIMES expr
          expr ::= * expr MODULO expr
          expr ::= * expr POW expr
          expr ::= * expr EQUALTO expr
          expr ::= * expr NOTEQUALTO expr
          expr ::= * expr LESSTHAN expr
          expr ::= * expr GREATERTHAN expr
          expr ::= * expr LORE expr
          expr ::= * expr GORE expr
          expr ::= expr GORE * expr
          expr ::= * expr AND expr
          expr ::= * expr OR expr
          expr ::= * BITNOT expr
          expr ::= * NOT expr
          expr ::= * expr SHIFTL expr
          expr ::= * expr SHIFTR expr
          expr ::= * expr BITAND expr
          expr ::= * expr BITOR expr
          expr ::= * expr BITXOR expr

                           NOT shift  4
                        BITNOT shift  5
                         LBRAC shift  2
                           NUM shift  59
                        STRING shift  58
                       BOOLEAN shift  57
                          expr shift  35
                           num shift  62
                        string shift  61
                          bool shift  60

State 14:
          expr ::= * LBRAC maybe_empty_stmt_list RBRAC
          expr ::= * num
          expr ::= * string
          expr ::= * bool
          num ::= * NUM
          string ::= * STRING
          bool ::= * BOOLEAN
          expr ::= * expr PLUS expr
          expr ::= * expr MINUS expr
          expr ::= * expr DIVIDE expr
          expr ::= * expr TIMES expr
          expr ::= * expr MODULO expr
          expr ::= * expr POW expr
          expr ::= * expr EQUALTO expr
          expr ::= * expr NOTEQUALTO expr
          expr ::= * expr LESSTHAN expr
          expr ::= * expr GREATERTHAN expr
          expr ::= * expr LORE expr
          expr ::= expr LORE * expr
          expr ::= * expr GORE expr
          expr ::= * expr AND expr
          expr ::= * expr OR expr
          expr ::= * BITNOT expr
          expr ::= * NOT expr
          expr ::= * expr SHIFTL expr
          expr ::= * expr SHIFTR expr
          expr ::= * expr BITAND expr
          expr ::= * expr BITOR expr
          expr ::= * expr BITXOR expr

                           NOT shift  4
                        BITNOT shift  5
                         LBRAC shift  2
                           NUM shift  59
                        STRING shift  58
                       BOOLEAN shift  57
                          expr shift  36
                           num shift  62
                        string shift  61
                          bool shift  60

State 15:
          expr ::= * LBRAC maybe_empty_stmt_list RBRAC
          expr ::= * num
          expr ::= * string
          expr ::= * bool
          num ::= * NUM
          string ::= * STRING
          bool ::= * BOOLEAN
          expr ::= * expr PLUS expr
          expr ::= * expr MINUS expr
          expr ::= * expr DIVIDE expr
          expr ::= * expr TIMES expr
          expr ::= * expr MODULO expr
          expr ::= * expr POW expr
          expr ::= * expr EQUALTO expr
          expr ::= * expr NOTEQUALTO expr
          expr ::= * expr LESSTHAN expr
          expr ::= * expr GREATERTHAN expr
          expr ::= expr GREATERTHAN * expr
          expr ::= * expr LORE expr
          expr ::= * expr GORE expr
          expr ::= * expr AND expr
          expr ::= * expr OR expr
          expr ::= * BITNOT expr
          expr ::= * NOT expr
          expr ::= * expr SHIFTL expr
          expr ::= * expr SHIFTR expr
          expr ::= * expr BITAND expr
          expr ::= * expr BITOR expr
          expr ::= * expr BITXOR expr

                           NOT shift  4
                        BITNOT shift  5
                         LBRAC shift  2
                           NUM shift  59
                        STRING shift  58
                       BOOLEAN shift  57
                          expr shift  37
                           num shift  62
                        string shift  61
                          bool shift  60

State 16:
          expr ::= * LBRAC maybe_empty_stmt_list RBRAC
          expr ::= * num
          expr ::= * string
          expr ::= * bool
          num ::= * NUM
          string ::= * STRING
          bool ::= * BOOLEAN
          expr ::= * expr PLUS expr
          expr ::= * expr MINUS expr
          expr ::= * expr DIVIDE expr
          expr ::= * expr TIMES expr
          expr ::= * expr MODULO expr
          expr ::= * expr POW expr
          expr ::= * expr EQUALTO expr
          expr ::= * expr NOTEQUALTO expr
          expr ::= * expr LESSTHAN expr
          expr ::= expr LESSTHAN * expr
          expr ::= * expr GREATERTHAN expr
          expr ::= * expr LORE expr
          expr ::= * expr GORE expr
          expr ::= * expr AND expr
          expr ::= * expr OR expr
          expr ::= * BITNOT expr
          expr ::= * NOT expr
          expr ::= * expr SHIFTL expr
          expr ::= * expr SHIFTR expr
          expr ::= * expr BITAND expr
          expr ::= * expr BITOR expr
          expr ::= * expr BITXOR expr

                           NOT shift  4
                        BITNOT shift  5
                         LBRAC shift  2
                           NUM shift  59
                        STRING shift  58
                       BOOLEAN shift  57
                          expr shift  38
                           num shift  62
                        string shift  61
                          bool shift  60

State 17:
          expr ::= * LBRAC maybe_empty_stmt_list RBRAC
          expr ::= * num
          expr ::= * string
          expr ::= * bool
          num ::= * NUM
          string ::= * STRING
          bool ::= * BOOLEAN
          expr ::= * expr PLUS expr
          expr ::= * expr MINUS expr
          expr ::= * expr DIVIDE expr
          expr ::= * expr TIMES expr
          expr ::= * expr MODULO expr
          expr ::= * expr POW expr
          expr ::= * expr EQUALTO expr
          expr ::= * expr NOTEQUALTO expr
          expr ::= expr NOTEQUALTO * expr
          expr ::= * expr LESSTHAN expr
          expr ::= * expr GREATERTHAN expr
          expr ::= * expr LORE expr
          expr ::= * expr GORE expr
          expr ::= * expr AND expr
          expr ::= * expr OR expr
          expr ::= * BITNOT expr
          expr ::= * NOT expr
          expr ::= * expr SHIFTL expr
          expr ::= * expr SHIFTR expr
          expr ::= * expr BITAND expr
          expr ::= * expr BITOR expr
          expr ::= * expr BITXOR expr

                           NOT shift  4
                        BITNOT shift  5
                         LBRAC shift  2
                           NUM shift  59
                        STRING shift  58
                       BOOLEAN shift  57
                          expr shift  33
                           num shift  62
                        string shift  61
                          bool shift  60

State 18:
          expr ::= * LBRAC maybe_empty_stmt_list RBRAC
          expr ::= * num
          expr ::= * string
          expr ::= * bool
          num ::= * NUM
          string ::= * STRING
          bool ::= * BOOLEAN
          expr ::= * expr PLUS expr
          expr ::= * expr MINUS expr
          expr ::= * expr DIVIDE expr
          expr ::= * expr TIMES expr
          expr ::= * expr MODULO expr
          expr ::= * expr POW expr
          expr ::= * expr EQUALTO expr
          expr ::= expr EQUALTO * expr
          expr ::= * expr NOTEQUALTO expr
          expr ::= * expr LESSTHAN expr
          expr ::= * expr GREATERTHAN expr
          expr ::= * expr LORE expr
          expr ::= * expr GORE expr
          expr ::= * expr AND expr
          expr ::= * expr OR expr
          expr ::= * BITNOT expr
          expr ::= * NOT expr
          expr ::= * expr SHIFTL expr
          expr ::= * expr SHIFTR expr
          expr ::= * expr BITAND expr
          expr ::= * expr BITOR expr
          expr ::= * expr BITXOR expr

                           NOT shift  4
                        BITNOT shift  5
                         LBRAC shift  2
                           NUM shift  59
                        STRING shift  58
                       BOOLEAN shift  57
                          expr shift  34
                           num shift  62
                        string shift  61
                          bool shift  60

State 19:
          expr ::= * LBRAC maybe_empty_stmt_list RBRAC
          expr ::= * num
          expr ::= * string
          expr ::= * bool
          num ::= * NUM
          string ::= * STRING
          bool ::= * BOOLEAN
          expr ::= * expr PLUS expr
          expr ::= * expr MINUS expr
          expr ::= * expr DIVIDE expr
          expr ::= * expr TIMES expr
          expr ::= * expr MODULO expr
          expr ::= * expr POW expr
          expr ::= expr POW * expr
          expr ::= * expr EQUALTO expr
          expr ::= * expr NOTEQUALTO expr
          expr ::= * expr LESSTHAN expr
          expr ::= * expr GREATERTHAN expr
          expr ::= * expr LORE expr
          expr ::= * expr GORE expr
          expr ::= * expr AND expr
          expr ::= * expr OR expr
          expr ::= * BITNOT expr
          expr ::= * NOT expr
          expr ::= * expr SHIFTL expr
          expr ::= * expr SHIFTR expr
          expr ::= * expr BITAND expr
          expr ::= * expr BITOR expr
          expr ::= * expr BITXOR expr

                           NOT shift  4
                        BITNOT shift  5
                         LBRAC shift  2
                           NUM shift  59
                        STRING shift  58
                       BOOLEAN shift  57
                          expr shift  46
                           num shift  62
                        string shift  61
                          bool shift  60

State 20:
          expr ::= * LBRAC maybe_empty_stmt_list RBRAC
          expr ::= * num
          expr ::= * string
          expr ::= * bool
          num ::= * NUM
          string ::= * STRING
          bool ::= * BOOLEAN
          expr ::= * expr PLUS expr
          expr ::= * expr MINUS expr
          expr ::= * expr DIVIDE expr
          expr ::= * expr TIMES expr
          expr ::= * expr MODULO expr
          expr ::= expr MODULO * expr
          expr ::= * expr POW expr
          expr ::= * expr EQUALTO expr
          expr ::= * expr NOTEQUALTO expr
          expr ::= * expr LESSTHAN expr
          expr ::= * expr GREATERTHAN expr
          expr ::= * expr LORE expr
          expr ::= * expr GORE expr
          expr ::= * expr AND expr
          expr ::= * expr OR expr
          expr ::= * BITNOT expr
          expr ::= * NOT expr
          expr ::= * expr SHIFTL expr
          expr ::= * expr SHIFTR expr
          expr ::= * expr BITAND expr
          expr ::= * expr BITOR expr
          expr ::= * expr BITXOR expr

                           NOT shift  4
                        BITNOT shift  5
                         LBRAC shift  2
                           NUM shift  59
                        STRING shift  58
                       BOOLEAN shift  57
                          expr shift  47
                           num shift  62
                        string shift  61
                          bool shift  60

State 21:
          expr ::= * LBRAC maybe_empty_stmt_list RBRAC
          expr ::= * num
          expr ::= * string
          expr ::= * bool
          num ::= * NUM
          string ::= * STRING
          bool ::= * BOOLEAN
          expr ::= * expr PLUS expr
          expr ::= * expr MINUS expr
          expr ::= * expr DIVIDE expr
          expr ::= * expr TIMES expr
          expr ::= expr TIMES * expr
          expr ::= * expr MODULO expr
          expr ::= * expr POW expr
          expr ::= * expr EQUALTO expr
          expr ::= * expr NOTEQUALTO expr
          expr ::= * expr LESSTHAN expr
          expr ::= * expr GREATERTHAN expr
          expr ::= * expr LORE expr
          expr ::= * expr GORE expr
          expr ::= * expr AND expr
          expr ::= * expr OR expr
          expr ::= * BITNOT expr
          expr ::= * NOT expr
          expr ::= * expr SHIFTL expr
          expr ::= * expr SHIFTR expr
          expr ::= * expr BITAND expr
          expr ::= * expr BITOR expr
          expr ::= * expr BITXOR expr

                           NOT shift  4
                        BITNOT shift  5
                         LBRAC shift  2
                           NUM shift  59
                        STRING shift  58
                       BOOLEAN shift  57
                          expr shift  48
                           num shift  62
                        string shift  61
                          bool shift  60

State 22:
          expr ::= * LBRAC maybe_empty_stmt_list RBRAC
          expr ::= * num
          expr ::= * string
          expr ::= * bool
          num ::= * NUM
          string ::= * STRING
          bool ::= * BOOLEAN
          expr ::= * expr PLUS expr
          expr ::= * expr MINUS expr
          expr ::= * expr DIVIDE expr
          expr ::= expr DIVIDE * expr
          expr ::= * expr TIMES expr
          expr ::= * expr MODULO expr
          expr ::= * expr POW expr
          expr ::= * expr EQUALTO expr
          expr ::= * expr NOTEQUALTO expr
          expr ::= * expr LESSTHAN expr
          expr ::= * expr GREATERTHAN expr
          expr ::= * expr LORE expr
          expr ::= * expr GORE expr
          expr ::= * expr AND expr
          expr ::= * expr OR expr
          expr ::= * BITNOT expr
          expr ::= * NOT expr
          expr ::= * expr SHIFTL expr
          expr ::= * expr SHIFTR expr
          expr ::= * expr BITAND expr
          expr ::= * expr BITOR expr
          expr ::= * expr BITXOR expr

                           NOT shift  4
                        BITNOT shift  5
                         LBRAC shift  2
                           NUM shift  59
                        STRING shift  58
                       BOOLEAN shift  57
                          expr shift  49
                           num shift  62
                        string shift  61
                          bool shift  60

State 23:
          expr ::= * LBRAC maybe_empty_stmt_list RBRAC
          expr ::= * num
          expr ::= * string
          expr ::= * bool
          num ::= * NUM
          string ::= * STRING
          bool ::= * BOOLEAN
          expr ::= * expr PLUS expr
          expr ::= * expr MINUS expr
          expr ::= expr MINUS * expr
          expr ::= * expr DIVIDE expr
          expr ::= * expr TIMES expr
          expr ::= * expr MODULO expr
          expr ::= * expr POW expr
          expr ::= * expr EQUALTO expr
          expr ::= * expr NOTEQUALTO expr
          expr ::= * expr LESSTHAN expr
          expr ::= * expr GREATERTHAN expr
          expr ::= * expr LORE expr
          expr ::= * expr GORE expr
          expr ::= * expr AND expr
          expr ::= * expr OR expr
          expr ::= * BITNOT expr
          expr ::= * NOT expr
          expr ::= * expr SHIFTL expr
          expr ::= * expr SHIFTR expr
          expr ::= * expr BITAND expr
          expr ::= * expr BITOR expr
          expr ::= * expr BITXOR expr

                           NOT shift  4
                        BITNOT shift  5
                         LBRAC shift  2
                           NUM shift  59
                        STRING shift  58
                       BOOLEAN shift  57
                          expr shift  42
                           num shift  62
                        string shift  61
                          bool shift  60

State 24:
          assignment ::= identifier ASSIGN * expr
          expr ::= * LBRAC maybe_empty_stmt_list RBRAC
          expr ::= * num
          expr ::= * string
          expr ::= * bool
          num ::= * NUM
          string ::= * STRING
          bool ::= * BOOLEAN
          expr ::= * expr PLUS expr
          expr ::= * expr MINUS expr
          expr ::= * expr DIVIDE expr
          expr ::= * expr TIMES expr
          expr ::= * expr MODULO expr
          expr ::= * expr POW expr
          expr ::= * expr EQUALTO expr
          expr ::= * expr NOTEQUALTO expr
          expr ::= * expr LESSTHAN expr
          expr ::= * expr GREATERTHAN expr
          expr ::= * expr LORE expr
          expr ::= * expr GORE expr
          expr ::= * expr AND expr
          expr ::= * expr OR expr
          expr ::= * BITNOT expr
          expr ::= * NOT expr
          expr ::= * expr SHIFTL expr
          expr ::= * expr SHIFTR expr
          expr ::= * expr BITAND expr
          expr ::= * expr BITOR expr
          expr ::= * expr BITXOR expr

                           NOT shift  4
                        BITNOT shift  5
                         LBRAC shift  2
                           NUM shift  59
                        STRING shift  58
                       BOOLEAN shift  57
                          expr shift  26
                           num shift  62
                        string shift  61
                          bool shift  60

State 25:
          expr ::= * LBRAC maybe_empty_stmt_list RBRAC
          expr ::= * num
          expr ::= * string
          expr ::= * bool
          num ::= * NUM
          string ::= * STRING
          bool ::= * BOOLEAN
          expr ::= * expr PLUS expr
          expr ::= expr PLUS * expr
          expr ::= * expr MINUS expr
          expr ::= * expr DIVIDE expr
          expr ::= * expr TIMES expr
          expr ::= * expr MODULO expr
          expr ::= * expr POW expr
          expr ::= * expr EQUALTO expr
          expr ::= * expr NOTEQUALTO expr
          expr ::= * expr LESSTHAN expr
          expr ::= * expr GREATERTHAN expr
          expr ::= * expr LORE expr
          expr ::= * expr GORE expr
          expr ::= * expr AND expr
          expr ::= * expr OR expr
          expr ::= * BITNOT expr
          expr ::= * NOT expr
          expr ::= * expr SHIFTL expr
          expr ::= * expr SHIFTR expr
          expr ::= * expr BITAND expr
          expr ::= * expr BITOR expr
          expr ::= * expr BITXOR expr

                           NOT shift  4
                        BITNOT shift  5
                         LBRAC shift  2
                           NUM shift  59
                        STRING shift  58
                       BOOLEAN shift  57
                          expr shift  41
                           num shift  62
                        string shift  61
                          bool shift  60

State 26:
     (10) assignment ::= identifier ASSIGN expr *
          expr ::= expr * PLUS expr
          expr ::= expr * MINUS expr
          expr ::= expr * DIVIDE expr
          expr ::= expr * TIMES expr
          expr ::= expr * MODULO expr
          expr ::= expr * POW expr
          expr ::= expr * EQUALTO expr
          expr ::= expr * NOTEQUALTO expr
          expr ::= expr * LESSTHAN expr
          expr ::= expr * GREATERTHAN expr
          expr ::= expr * LORE expr
          expr ::= expr * GORE expr
          expr ::= expr * AND expr
          expr ::= expr * OR expr
          expr ::= expr * SHIFTL expr
          expr ::= expr * SHIFTR expr
          expr ::= expr * BITAND expr
          expr ::= expr * BITOR expr
          expr ::= expr * BITXOR expr

                            OR shift  11
                           AND shift  12
                        BITXOR shift  6
                         BITOR shift  7
                        BITAND shift  8
                       EQUALTO shift  18
                    NOTEQUALTO shift  17
                   GREATERTHAN shift  15
                          GORE shift  13
                      LESSTHAN shift  16
                          LORE shift  14
                        SHIFTL shift  10
                        SHIFTR shift  9
                          PLUS shift  25
                         MINUS shift  23
                        DIVIDE shift  22
                         TIMES shift  21
                        MODULO shift  20
                           POW shift  19
                     {default} reduce 10

State 27:
      (7) stmt ::= expr *
          expr ::= expr * PLUS expr
          expr ::= expr * MINUS expr
          expr ::= expr * DIVIDE expr
          expr ::= expr * TIMES expr
          expr ::= expr * MODULO expr
          expr ::= expr * POW expr
          expr ::= expr * EQUALTO expr
          expr ::= expr * NOTEQUALTO expr
          expr ::= expr * LESSTHAN expr
          expr ::= expr * GREATERTHAN expr
          expr ::= expr * LORE expr
          expr ::= expr * GORE expr
          expr ::= expr * AND expr
          expr ::= expr * OR expr
          expr ::= expr * SHIFTL expr
          expr ::= expr * SHIFTR expr
          expr ::= expr * BITAND expr
          expr ::= expr * BITOR expr
          expr ::= expr * BITXOR expr

                            OR shift  11
                           AND shift  12
                        BITXOR shift  6
                         BITOR shift  7
                        BITAND shift  8
                       EQUALTO shift  18
                    NOTEQUALTO shift  17
                   GREATERTHAN shift  15
                          GORE shift  13
                      LESSTHAN shift  16
                          LORE shift  14
                        SHIFTL shift  10
                        SHIFTR shift  9
                          PLUS shift  25
                         MINUS shift  23
                        DIVIDE shift  22
                         TIMES shift  21
                        MODULO shift  20
                           POW shift  19
                     {default} reduce 7

State 28:
          expr ::= expr * PLUS expr
          expr ::= expr * MINUS expr
          expr ::= expr * DIVIDE expr
          expr ::= expr * TIMES expr
          expr ::= expr * MODULO expr
          expr ::= expr * POW expr
          expr ::= expr * EQUALTO expr
          expr ::= expr * NOTEQUALTO expr
          expr ::= expr * LESSTHAN expr
          expr ::= expr * GREATERTHAN expr
          expr ::= expr * LORE expr
          expr ::= expr * GORE expr
          expr ::= expr * AND expr
          expr ::= expr * OR expr
     (35) expr ::= expr OR expr *
          expr ::= expr * SHIFTL expr
          expr ::= expr * SHIFTR expr
          expr ::= expr * BITAND expr
          expr ::= expr * BITOR expr
          expr ::= expr * BITXOR expr

                           AND shift  12
                        BITXOR shift  6
                         BITOR shift  7
                        BITAND shift  8
                       EQUALTO shift  18
                    NOTEQUALTO shift  17
                   GREATERTHAN shift  15
                          GORE shift  13
                      LESSTHAN shift  16
                          LORE shift  14
                        SHIFTL shift  10
                        SHIFTR shift  9
                          PLUS shift  25
                         MINUS shift  23
                        DIVIDE shift  22
                         TIMES shift  21
                        MODULO shift  20
                           POW shift  19
                     {default} reduce 35

State 29:
          expr ::= expr * PLUS expr
          expr ::= expr * MINUS expr
          expr ::= expr * DIVIDE expr
          expr ::= expr * TIMES expr
          expr ::= expr * MODULO expr
          expr ::= expr * POW expr
          expr ::= expr * EQUALTO expr
          expr ::= expr * NOTEQUALTO expr
          expr ::= expr * LESSTHAN expr
          expr ::= expr * GREATERTHAN expr
          expr ::= expr * LORE expr
          expr ::= expr * GORE expr
          expr ::= expr * AND expr
     (34) expr ::= expr AND expr *
          expr ::= expr * OR expr
          expr ::= expr * SHIFTL expr
          expr ::= expr * SHIFTR expr
          expr ::= expr * BITAND expr
          expr ::= expr * BITOR expr
          expr ::= expr * BITXOR expr

                        BITXOR shift  6
                         BITOR shift  7
                        BITAND shift  8
                       EQUALTO shift  18
                    NOTEQUALTO shift  17
                   GREATERTHAN shift  15
                          GORE shift  13
                      LESSTHAN shift  16
                          LORE shift  14
                        SHIFTL shift  10
                        SHIFTR shift  9
                          PLUS shift  25
                         MINUS shift  23
                        DIVIDE shift  22
                         TIMES shift  21
                        MODULO shift  20
                           POW shift  19
                     {default} reduce 34

State 30:
          expr ::= expr * PLUS expr
          expr ::= expr * MINUS expr
          expr ::= expr * DIVIDE expr
          expr ::= expr * TIMES expr
          expr ::= expr * MODULO expr
          expr ::= expr * POW expr
          expr ::= expr * EQUALTO expr
          expr ::= expr * NOTEQUALTO expr
          expr ::= expr * LESSTHAN expr
          expr ::= expr * GREATERTHAN expr
          expr ::= expr * LORE expr
          expr ::= expr * GORE expr
          expr ::= expr * AND expr
          expr ::= expr * OR expr
          expr ::= expr * SHIFTL expr
          expr ::= expr * SHIFTR expr
          expr ::= expr * BITAND expr
          expr ::= expr * BITOR expr
          expr ::= expr * BITXOR expr
     (42) expr ::= expr BITXOR expr *

                         BITOR shift  7
                        BITAND shift  8
                       EQUALTO shift  18
                    NOTEQUALTO shift  17
                   GREATERTHAN shift  15
                          GORE shift  13
                      LESSTHAN shift  16
                          LORE shift  14
                        SHIFTL shift  10
                        SHIFTR shift  9
                          PLUS shift  25
                         MINUS shift  23
                        DIVIDE shift  22
                         TIMES shift  21
                        MODULO shift  20
                           POW shift  19
                     {default} reduce 42

State 31:
          expr ::= expr * PLUS expr
          expr ::= expr * MINUS expr
          expr ::= expr * DIVIDE expr
          expr ::= expr * TIMES expr
          expr ::= expr * MODULO expr
          expr ::= expr * POW expr
          expr ::= expr * EQUALTO expr
          expr ::= expr * NOTEQUALTO expr
          expr ::= expr * LESSTHAN expr
          expr ::= expr * GREATERTHAN expr
          expr ::= expr * LORE expr
          expr ::= expr * GORE expr
          expr ::= expr * AND expr
          expr ::= expr * OR expr
          expr ::= expr * SHIFTL expr
          expr ::= expr * SHIFTR expr
          expr ::= expr * BITAND expr
          expr ::= expr * BITOR expr
     (41) expr ::= expr BITOR expr *
          expr ::= expr * BITXOR expr

                        BITAND shift  8
                       EQUALTO shift  18
                    NOTEQUALTO shift  17
                   GREATERTHAN shift  15
                          GORE shift  13
                      LESSTHAN shift  16
                          LORE shift  14
                        SHIFTL shift  10
                        SHIFTR shift  9
                          PLUS shift  25
                         MINUS shift  23
                        DIVIDE shift  22
                         TIMES shift  21
                        MODULO shift  20
                           POW shift  19
                     {default} reduce 41

State 32:
          expr ::= expr * PLUS expr
          expr ::= expr * MINUS expr
          expr ::= expr * DIVIDE expr
          expr ::= expr * TIMES expr
          expr ::= expr * MODULO expr
          expr ::= expr * POW expr
          expr ::= expr * EQUALTO expr
          expr ::= expr * NOTEQUALTO expr
          expr ::= expr * LESSTHAN expr
          expr ::= expr * GREATERTHAN expr
          expr ::= expr * LORE expr
          expr ::= expr * GORE expr
          expr ::= expr * AND expr
          expr ::= expr * OR expr
          expr ::= expr * SHIFTL expr
          expr ::= expr * SHIFTR expr
          expr ::= expr * BITAND expr
     (40) expr ::= expr BITAND expr *
          expr ::= expr * BITOR expr
          expr ::= expr * BITXOR expr

                       EQUALTO shift  18
                    NOTEQUALTO shift  17
                   GREATERTHAN shift  15
                          GORE shift  13
                      LESSTHAN shift  16
                          LORE shift  14
                        SHIFTL shift  10
                        SHIFTR shift  9
                          PLUS shift  25
                         MINUS shift  23
                        DIVIDE shift  22
                         TIMES shift  21
                        MODULO shift  20
                           POW shift  19
                     {default} reduce 40

State 33:
          expr ::= expr * PLUS expr
          expr ::= expr * MINUS expr
          expr ::= expr * DIVIDE expr
          expr ::= expr * TIMES expr
          expr ::= expr * MODULO expr
          expr ::= expr * POW expr
          expr ::= expr * EQUALTO expr
          expr ::= expr * NOTEQUALTO expr
     (29) expr ::= expr NOTEQUALTO expr *
          expr ::= expr * LESSTHAN expr
          expr ::= expr * GREATERTHAN expr
          expr ::= expr * LORE expr
          expr ::= expr * GORE expr
          expr ::= expr * AND expr
          expr ::= expr * OR expr
          expr ::= expr * SHIFTL expr
          expr ::= expr * SHIFTR expr
          expr ::= expr * BITAND expr
          expr ::= expr * BITOR expr
          expr ::= expr * BITXOR expr

                   GREATERTHAN shift  15
                          GORE shift  13
                      LESSTHAN shift  16
                          LORE shift  14
                        SHIFTL shift  10
                        SHIFTR shift  9
                          PLUS shift  25
                         MINUS shift  23
                        DIVIDE shift  22
                         TIMES shift  21
                        MODULO shift  20
                           POW shift  19
                     {default} reduce 29

State 34:
          expr ::= expr * PLUS expr
          expr ::= expr * MINUS expr
          expr ::= expr * DIVIDE expr
          expr ::= expr * TIMES expr
          expr ::= expr * MODULO expr
          expr ::= expr * POW expr
          expr ::= expr * EQUALTO expr
     (28) expr ::= expr EQUALTO expr *
          expr ::= expr * NOTEQUALTO expr
          expr ::= expr * LESSTHAN expr
          expr ::= expr * GREATERTHAN expr
          expr ::= expr * LORE expr
          expr ::= expr * GORE expr
          expr ::= expr * AND expr
          expr ::= expr * OR expr
          expr ::= expr * SHIFTL expr
          expr ::= expr * SHIFTR expr
          expr ::= expr * BITAND expr
          expr ::= expr * BITOR expr
          expr ::= expr * BITXOR expr

                   GREATERTHAN shift  15
                          GORE shift  13
                      LESSTHAN shift  16
                          LORE shift  14
                        SHIFTL shift  10
                        SHIFTR shift  9
                          PLUS shift  25
                         MINUS shift  23
                        DIVIDE shift  22
                         TIMES shift  21
                        MODULO shift  20
                           POW shift  19
                     {default} reduce 28

State 35:
          expr ::= expr * PLUS expr
          expr ::= expr * MINUS expr
          expr ::= expr * DIVIDE expr
          expr ::= expr * TIMES expr
          expr ::= expr * MODULO expr
          expr ::= expr * POW expr
          expr ::= expr * EQUALTO expr
          expr ::= expr * NOTEQUALTO expr
          expr ::= expr * LESSTHAN expr
          expr ::= expr * GREATERTHAN expr
          expr ::= expr * LORE expr
          expr ::= expr * GORE expr
     (33) expr ::= expr GORE expr *
          expr ::= expr * AND expr
          expr ::= expr * OR expr
          expr ::= expr * SHIFTL expr
          expr ::= expr * SHIFTR expr
          expr ::= expr * BITAND expr
          expr ::= expr * BITOR expr
          expr ::= expr * BITXOR expr

                        SHIFTL shift  10
                        SHIFTR shift  9
                          PLUS shift  25
                         MINUS shift  23
                        DIVIDE shift  22
                         TIMES shift  21
                        MODULO shift  20
                           POW shift  19
                     {default} reduce 33

State 36:
          expr ::= expr * PLUS expr
          expr ::= expr * MINUS expr
          expr ::= expr * DIVIDE expr
          expr ::= expr * TIMES expr
          expr ::= expr * MODULO expr
          expr ::= expr * POW expr
          expr ::= expr * EQUALTO expr
          expr ::= expr * NOTEQUALTO expr
          expr ::= expr * LESSTHAN expr
          expr ::= expr * GREATERTHAN expr
          expr ::= expr * LORE expr
     (32) expr ::= expr LORE expr *
          expr ::= expr * GORE expr
          expr ::= expr * AND expr
          expr ::= expr * OR expr
          expr ::= expr * SHIFTL expr
          expr ::= expr * SHIFTR expr
          expr ::= expr * BITAND expr
          expr ::= expr * BITOR expr
          expr ::= expr * BITXOR expr

                        SHIFTL shift  10
                        SHIFTR shift  9
                          PLUS shift  25
                         MINUS shift  23
                        DIVIDE shift  22
                         TIMES shift  21
                        MODULO shift  20
                           POW shift  19
                     {default} reduce 32

State 37:
          expr ::= expr * PLUS expr
          expr ::= expr * MINUS expr
          expr ::= expr * DIVIDE expr
          expr ::= expr * TIMES expr
          expr ::= expr * MODULO expr
          expr ::= expr * POW expr
          expr ::= expr * EQUALTO expr
          expr ::= expr * NOTEQUALTO expr
          expr ::= expr * LESSTHAN expr
          expr ::= expr * GREATERTHAN expr
     (31) expr ::= expr GREATERTHAN expr *
          expr ::= expr * LORE expr
          expr ::= expr * GORE expr
          expr ::= expr * AND expr
          expr ::= expr * OR expr
          expr ::= expr * SHIFTL expr
          expr ::= expr * SHIFTR expr
          expr ::= expr * BITAND expr
          expr ::= expr * BITOR expr
          expr ::= expr * BITXOR expr

                        SHIFTL shift  10
                        SHIFTR shift  9
                          PLUS shift  25
                         MINUS shift  23
                        DIVIDE shift  22
                         TIMES shift  21
                        MODULO shift  20
                           POW shift  19
                     {default} reduce 31

State 38:
          expr ::= expr * PLUS expr
          expr ::= expr * MINUS expr
          expr ::= expr * DIVIDE expr
          expr ::= expr * TIMES expr
          expr ::= expr * MODULO expr
          expr ::= expr * POW expr
          expr ::= expr * EQUALTO expr
          expr ::= expr * NOTEQUALTO expr
          expr ::= expr * LESSTHAN expr
     (30) expr ::= expr LESSTHAN expr *
          expr ::= expr * GREATERTHAN expr
          expr ::= expr * LORE expr
          expr ::= expr * GORE expr
          expr ::= expr * AND expr
          expr ::= expr * OR expr
          expr ::= expr * SHIFTL expr
          expr ::= expr * SHIFTR expr
          expr ::= expr * BITAND expr
          expr ::= expr * BITOR expr
          expr ::= expr * BITXOR expr

                        SHIFTL shift  10
                        SHIFTR shift  9
                          PLUS shift  25
                         MINUS shift  23
                        DIVIDE shift  22
                         TIMES shift  21
                        MODULO shift  20
                           POW shift  19
                     {default} reduce 30

State 39:
          expr ::= expr * PLUS expr
          expr ::= expr * MINUS expr
          expr ::= expr * DIVIDE expr
          expr ::= expr * TIMES expr
          expr ::= expr * MODULO expr
          expr ::= expr * POW expr
          expr ::= expr * EQUALTO expr
          expr ::= expr * NOTEQUALTO expr
          expr ::= expr * LESSTHAN expr
          expr ::= expr * GREATERTHAN expr
          expr ::= expr * LORE expr
          expr ::= expr * GORE expr
          expr ::= expr * AND expr
          expr ::= expr * OR expr
          expr ::= expr * SHIFTL expr
          expr ::= expr * SHIFTR expr
     (39) expr ::= expr SHIFTR expr *
          expr ::= expr * BITAND expr
          expr ::= expr * BITOR expr
          expr ::= expr * BITXOR expr

                          PLUS shift  25
                         MINUS shift  23
                        DIVIDE shift  22
                         TIMES shift  21
                        MODULO shift  20
                           POW shift  19
                     {default} reduce 39

State 40:
          expr ::= expr * PLUS expr
          expr ::= expr * MINUS expr
          expr ::= expr * DIVIDE expr
          expr ::= expr * TIMES expr
          expr ::= expr * MODULO expr
          expr ::= expr * POW expr
          expr ::= expr * EQUALTO expr
          expr ::= expr * NOTEQUALTO expr
          expr ::= expr * LESSTHAN expr
          expr ::= expr * GREATERTHAN expr
          expr ::= expr * LORE expr
          expr ::= expr * GORE expr
          expr ::= expr * AND expr
          expr ::= expr * OR expr
          expr ::= expr * SHIFTL expr
     (38) expr ::= expr SHIFTL expr *
          expr ::= expr * SHIFTR expr
          expr ::= expr * BITAND expr
          expr ::= expr * BITOR expr
          expr ::= expr * BITXOR expr

                          PLUS shift  25
                         MINUS shift  23
                        DIVIDE shift  22
                         TIMES shift  21
                        MODULO shift  20
                           POW shift  19
                     {default} reduce 38

State 41:
          expr ::= expr * PLUS expr
     (22) expr ::= expr PLUS expr *
          expr ::= expr * MINUS expr
          expr ::= expr * DIVIDE expr
          expr ::= expr * TIMES expr
          expr ::= expr * MODULO expr
          expr ::= expr * POW expr
          expr ::= expr * EQUALTO expr
          expr ::= expr * NOTEQUALTO expr
          expr ::= expr * LESSTHAN expr
          expr ::= expr * GREATERTHAN expr
          expr ::= expr * LORE expr
          expr ::= expr * GORE expr
          expr ::= expr * AND expr
          expr ::= expr * OR expr
          expr ::= expr * SHIFTL expr
          expr ::= expr * SHIFTR expr
          expr ::= expr * BITAND expr
          expr ::= expr * BITOR expr
          expr ::= expr * BITXOR expr

                        DIVIDE shift  22
                         TIMES shift  21
                        MODULO shift  20
                           POW shift  19
                     {default} reduce 22

State 42:
          expr ::= expr * PLUS expr
          expr ::= expr * MINUS expr
     (23) expr ::= expr MINUS expr *
          expr ::= expr * DIVIDE expr
          expr ::= expr * TIMES expr
          expr ::= expr * MODULO expr
          expr ::= expr * POW expr
          expr ::= expr * EQUALTO expr
          expr ::= expr * NOTEQUALTO expr
          expr ::= expr * LESSTHAN expr
          expr ::= expr * GREATERTHAN expr
          expr ::= expr * LORE expr
          expr ::= expr * GORE expr
          expr ::= expr * AND expr
          expr ::= expr * OR expr
          expr ::= expr * SHIFTL expr
          expr ::= expr * SHIFTR expr
          expr ::= expr * BITAND expr
          expr ::= expr * BITOR expr
          expr ::= expr * BITXOR expr

                        DIVIDE shift  22
                         TIMES shift  21
                        MODULO shift  20
                           POW shift  19
                     {default} reduce 23

State 43:
          expr ::= LBRAC maybe_empty_stmt_list * RBRAC

                         RBRAC shift  54

State 44:
          expr ::= expr * PLUS expr
          expr ::= expr * MINUS expr
          expr ::= expr * DIVIDE expr
          expr ::= expr * TIMES expr
          expr ::= expr * MODULO expr
          expr ::= expr * POW expr
          expr ::= expr * EQUALTO expr
          expr ::= expr * NOTEQUALTO expr
          expr ::= expr * LESSTHAN expr
          expr ::= expr * GREATERTHAN expr
          expr ::= expr * LORE expr
          expr ::= expr * GORE expr
          expr ::= expr * AND expr
          expr ::= expr * OR expr
     (37) expr ::= NOT expr *
          expr ::= expr * SHIFTL expr
          expr ::= expr * SHIFTR expr
          expr ::= expr * BITAND expr
          expr ::= expr * BITOR expr
          expr ::= expr * BITXOR expr

                           POW shift  19
                     {default} reduce 37

State 45:
          expr ::= expr * PLUS expr
          expr ::= expr * MINUS expr
          expr ::= expr * DIVIDE expr
          expr ::= expr * TIMES expr
          expr ::= expr * MODULO expr
          expr ::= expr * POW expr
          expr ::= expr * EQUALTO expr
          expr ::= expr * NOTEQUALTO expr
          expr ::= expr * LESSTHAN expr
          expr ::= expr * GREATERTHAN expr
          expr ::= expr * LORE expr
          expr ::= expr * GORE expr
          expr ::= expr * AND expr
          expr ::= expr * OR expr
     (36) expr ::= BITNOT expr *
          expr ::= expr * SHIFTL expr
          expr ::= expr * SHIFTR expr
          expr ::= expr * BITAND expr
          expr ::= expr * BITOR expr
          expr ::= expr * BITXOR expr

                           POW shift  19
                     {default} reduce 36

State 46:
          expr ::= expr * PLUS expr
          expr ::= expr * MINUS expr
          expr ::= expr * DIVIDE expr
          expr ::= expr * TIMES expr
          expr ::= expr * MODULO expr
          expr ::= expr * POW expr
     (27) expr ::= expr POW expr *
          expr ::= expr * EQUALTO expr
          expr ::= expr * NOTEQUALTO expr
          expr ::= expr * LESSTHAN expr
          expr ::= expr * GREATERTHAN expr
          expr ::= expr * LORE expr
          expr ::= expr * GORE expr
          expr ::= expr * AND expr
          expr ::= expr * OR expr
          expr ::= expr * SHIFTL expr
          expr ::= expr * SHIFTR expr
          expr ::= expr * BITAND expr
          expr ::= expr * BITOR expr
          expr ::= expr * BITXOR expr

                           POW shift  19
                     {default} reduce 27

State 47:
          expr ::= expr * PLUS expr
          expr ::= expr * MINUS expr
          expr ::= expr * DIVIDE expr
          expr ::= expr * TIMES expr
          expr ::= expr * MODULO expr
     (26) expr ::= expr MODULO expr *
          expr ::= expr * POW expr
          expr ::= expr * EQUALTO expr
          expr ::= expr * NOTEQUALTO expr
          expr ::= expr * LESSTHAN expr
          expr ::= expr * GREATERTHAN expr
          expr ::= expr * LORE expr
          expr ::= expr * GORE expr
          expr ::= expr * AND expr
          expr ::= expr * OR expr
          expr ::= expr * SHIFTL expr
          expr ::= expr * SHIFTR expr
          expr ::= expr * BITAND expr
          expr ::= expr * BITOR expr
          expr ::= expr * BITXOR expr

                           POW shift  19
                     {default} reduce 26

State 48:
          expr ::= expr * PLUS expr
          expr ::= expr * MINUS expr
          expr ::= expr * DIVIDE expr
          expr ::= expr * TIMES expr
     (25) expr ::= expr TIMES expr *
          expr ::= expr * MODULO expr
          expr ::= expr * POW expr
          expr ::= expr * EQUALTO expr
          expr ::= expr * NOTEQUALTO expr
          expr ::= expr * LESSTHAN expr
          expr ::= expr * GREATERTHAN expr
          expr ::= expr * LORE expr
          expr ::= expr * GORE expr
          expr ::= expr * AND expr
          expr ::= expr * OR expr
          expr ::= expr * SHIFTL expr
          expr ::= expr * SHIFTR expr
          expr ::= expr * BITAND expr
          expr ::= expr * BITOR expr
          expr ::= expr * BITXOR expr

                           POW shift  19
                     {default} reduce 25

State 49:
          expr ::= expr * PLUS expr
          expr ::= expr * MINUS expr
          expr ::= expr * DIVIDE expr
     (24) expr ::= expr DIVIDE expr *
          expr ::= expr * TIMES expr
          expr ::= expr * MODULO expr
          expr ::= expr * POW expr
          expr ::= expr * EQUALTO expr
          expr ::= expr * NOTEQUALTO expr
          expr ::= expr * LESSTHAN expr
          expr ::= expr * GREATERTHAN expr
          expr ::= expr * LORE expr
          expr ::= expr * GORE expr
          expr ::= expr * AND expr
          expr ::= expr * OR expr
          expr ::= expr * SHIFTL expr
          expr ::= expr * SHIFTR expr
          expr ::= expr * BITAND expr
          expr ::= expr * BITOR expr
          expr ::= expr * BITXOR expr

                           POW shift  19
                     {default} reduce 24

State 50:
          assignment ::= identifier * ASSIGN expr

                        ASSIGN shift  24

State 51:
          in ::= in start * NEWLINE

                       NEWLINE shift  68

State 52:
     (44) error ::= OPENQUOTEERROR *

                     {default} reduce 44

State 53:
     (43) in ::= error *

                     {default} reduce 43

State 54:
     (13) expr ::= LBRAC maybe_empty_stmt_list RBRAC *

                     {default} reduce 13

State 55:
     (12) stmt_list ::= stmt_list stmt *

                     {default} reduce 12

State 56:
     (11) stmt_list ::= stmt *

                     {default} reduce 11

State 57:
     (21) bool ::= BOOLEAN *

                     {default} reduce 21

State 58:
     (20) string ::= STRING *

                     {default} reduce 20

State 59:
     (19) num ::= NUM *

                     {default} reduce 19

State 60:
     (18) expr ::= bool *

                     {default} reduce 18

State 61:
     (17) expr ::= string *

                     {default} reduce 17

State 62:
     (16) expr ::= num *

                     {default} reduce 16

State 63:
      (9) identifier ::= NAME *

                     {default} reduce 9

State 64:
      (8) stmt ::= assignment *

                     {default} reduce 8

State 65:
      (6) top_stmt ::= stmt *

                     {default} reduce 6

State 66:
      (5) spec ::= top_stmt *

                     {default} reduce 5

State 67:
      (4) start ::= spec *

                     {default} reduce 4

State 68:
      (3) in ::= in start NEWLINE *

                     {default} reduce 3

State 69:
      (2) in ::= in NEWLINE *

                     {default} reduce 2

----------------------------------------------------
Symbols:
    0: $:
    1: OR
    2: AND
    3: BITXOR
    4: BITOR
    5: BITAND
    6: EQUALTO
    7: NOTEQUALTO
    8: GREATERTHAN
    9: GORE
   10: LESSTHAN
   11: LORE
   12: SHIFTL
   13: SHIFTR
   14: PLUS
   15: MINUS
   16: DIVIDE
   17: TIMES
   18: MODULO
   19: POW
   20: NOT
   21: BITNOT
   22: UMINUS
   23: PLUSPLUS
   24: INDEX
   25: LPAREN
   26: RPAREN
   27: COMMA
   28: LBRAC
   29: RBRAC
   30: ASSIGN
   31: NEWLINE
   32: NAME
   33: NUM
   34: STRING
   35: BOOLEAN
   36: OPENQUOTEERROR
   37: error: OPENQUOTEERROR
   38: expr: NOT BITNOT LBRAC NUM STRING BOOLEAN
   39: id:
   40: main: <lambda> NOT BITNOT LBRAC NEWLINE NAME NUM STRING BOOLEAN OPENQUOTEERROR
   41: in: <lambda> NOT BITNOT LBRAC NEWLINE NAME NUM STRING BOOLEAN OPENQUOTEERROR
   42: start: NOT BITNOT LBRAC NAME NUM STRING BOOLEAN
   43: spec: NOT BITNOT LBRAC NAME NUM STRING BOOLEAN
   44: top_stmt: NOT BITNOT LBRAC NAME NUM STRING BOOLEAN
   45: stmt: NOT BITNOT LBRAC NAME NUM STRING BOOLEAN
   46: assignment: NAME
   47: identifier: NAME
   48: stmt_list: NOT BITNOT LBRAC NAME NUM STRING BOOLEAN
   49: maybe_empty_stmt_list: <lambda> NOT BITNOT LBRAC NAME NUM STRING BOOLEAN
   50: num: NUM
   51: string: STRING
   52: bool: BOOLEAN
